Analysis & Synthesis report for LAB6
Tue Jul 25 15:52:05 2023
Quartus II 64-Bit Version 13.1.0 Build 162 10/23/2013 SJ Full Version


---------------------
; Table of Contents ;
---------------------
  1. Legal Notice
  2. Analysis & Synthesis Summary
  3. Analysis & Synthesis Settings
  4. Parallel Compilation
  5. Analysis & Synthesis Source Files Read
  6. Analysis & Synthesis Resource Usage Summary
  7. Analysis & Synthesis Resource Utilization by Entity
  8. Analysis & Synthesis RAM Summary
  9. Analysis & Synthesis IP Cores Summary
 10. Registers Removed During Synthesis
 11. General Register Statistics
 12. Inverted Register Statistics
 13. Multiplexer Restructuring Statistics (Restructuring Performed)
 14. Source assignments for rom1:ROM|altsyncram:altsyncram_component|altsyncram_kal1:auto_generated|altsyncram_gqm2:altsyncram1
 15. Parameter Settings for User Entity Instance: rom1:ROM|altsyncram:altsyncram_component
 16. Parameter Settings for User Entity Instance: Processor:Proc
 17. altsyncram Parameter Settings by Entity Instance
 18. In-System Memory Content Editor Settings
 19. Elapsed Time Per Partition
 20. Analysis & Synthesis Messages
 21. Analysis & Synthesis Suppressed Messages



----------------
; Legal Notice ;
----------------
Copyright (C) 1991-2013 Altera Corporation
Your use of Altera Corporation's design tools, logic functions 
and other software and tools, and its AMPP partner logic 
functions, and any output files from any of the foregoing 
(including device programming or simulation files), and any 
associated documentation or information are expressly subject 
to the terms and conditions of the Altera Program License 
Subscription Agreement, Altera MegaCore Function License 
Agreement, or other applicable license agreement, including, 
without limitation, that your use is for the sole purpose of 
programming logic devices manufactured by Altera and sold by 
Altera or its authorized distributors.  Please refer to the 
applicable agreement for further details.



+-------------------------------------------------------------------------------+
; Analysis & Synthesis Summary                                                  ;
+---------------------------------+---------------------------------------------+
; Analysis & Synthesis Status     ; Successful - Tue Jul 25 15:52:05 2023       ;
; Quartus II 64-Bit Version       ; 13.1.0 Build 162 10/23/2013 SJ Full Version ;
; Revision Name                   ; LAB6                                        ;
; Top-level Entity Name           ; LAB6                                        ;
; Family                          ; Cyclone V                                   ;
; Logic utilization (in ALMs)     ; N/A                                         ;
; Total registers                 ; 192                                         ;
; Total pins                      ; 53                                          ;
; Total virtual pins              ; 0                                           ;
; Total block memory bits         ; 256                                         ;
; Total DSP Blocks                ; 0                                           ;
; Total HSSI RX PCSs              ; 0                                           ;
; Total HSSI PMA RX Deserializers ; 0                                           ;
; Total HSSI TX PCSs              ; 0                                           ;
; Total HSSI TX Channels          ; 0                                           ;
; Total PLLs                      ; 0                                           ;
; Total DLLs                      ; 0                                           ;
+---------------------------------+---------------------------------------------+


+---------------------------------------------------------------------------------------------------------------------------+
; Analysis & Synthesis Settings                                                                                             ;
+---------------------------------------------------------------------------------+--------------------+--------------------+
; Option                                                                          ; Setting            ; Default Value      ;
+---------------------------------------------------------------------------------+--------------------+--------------------+
; Device                                                                          ; 5CSEMA5F31C6       ;                    ;
; Top-level entity name                                                           ; LAB6               ; LAB6               ;
; Family name                                                                     ; Cyclone V          ; Cyclone IV GX      ;
; Use smart compilation                                                           ; Off                ; Off                ;
; Enable parallel Assembler and TimeQuest Timing Analyzer during compilation      ; On                 ; On                 ;
; Enable compact report table                                                     ; Off                ; Off                ;
; Restructure Multiplexers                                                        ; Auto               ; Auto               ;
; MLAB Add Timing Constraints For Mixed-Port Feed-Through Mode Setting Don't Care ; Off                ; Off                ;
; Create Debugging Nodes for IP Cores                                             ; Off                ; Off                ;
; Preserve fewer node names                                                       ; On                 ; On                 ;
; Disable OpenCore Plus hardware evaluation                                       ; Off                ; Off                ;
; Verilog Version                                                                 ; Verilog_2001       ; Verilog_2001       ;
; VHDL Version                                                                    ; VHDL_1993          ; VHDL_1993          ;
; State Machine Processing                                                        ; Auto               ; Auto               ;
; Safe State Machine                                                              ; Off                ; Off                ;
; Extract Verilog State Machines                                                  ; On                 ; On                 ;
; Extract VHDL State Machines                                                     ; On                 ; On                 ;
; Ignore Verilog initial constructs                                               ; Off                ; Off                ;
; Iteration limit for constant Verilog loops                                      ; 5000               ; 5000               ;
; Iteration limit for non-constant Verilog loops                                  ; 250                ; 250                ;
; Add Pass-Through Logic to Inferred RAMs                                         ; On                 ; On                 ;
; Infer RAMs from Raw Logic                                                       ; On                 ; On                 ;
; Parallel Synthesis                                                              ; On                 ; On                 ;
; DSP Block Balancing                                                             ; Auto               ; Auto               ;
; NOT Gate Push-Back                                                              ; On                 ; On                 ;
; Power-Up Don't Care                                                             ; On                 ; On                 ;
; Remove Redundant Logic Cells                                                    ; Off                ; Off                ;
; Remove Duplicate Registers                                                      ; On                 ; On                 ;
; Ignore CARRY Buffers                                                            ; Off                ; Off                ;
; Ignore CASCADE Buffers                                                          ; Off                ; Off                ;
; Ignore GLOBAL Buffers                                                           ; Off                ; Off                ;
; Ignore ROW GLOBAL Buffers                                                       ; Off                ; Off                ;
; Ignore LCELL Buffers                                                            ; Off                ; Off                ;
; Ignore SOFT Buffers                                                             ; On                 ; On                 ;
; Limit AHDL Integers to 32 Bits                                                  ; Off                ; Off                ;
; Optimization Technique                                                          ; Balanced           ; Balanced           ;
; Carry Chain Length                                                              ; 70                 ; 70                 ;
; Auto Carry Chains                                                               ; On                 ; On                 ;
; Auto Open-Drain Pins                                                            ; On                 ; On                 ;
; Perform WYSIWYG Primitive Resynthesis                                           ; Off                ; Off                ;
; Auto ROM Replacement                                                            ; On                 ; On                 ;
; Auto RAM Replacement                                                            ; On                 ; On                 ;
; Auto DSP Block Replacement                                                      ; On                 ; On                 ;
; Auto Shift Register Replacement                                                 ; Auto               ; Auto               ;
; Allow Shift Register Merging across Hierarchies                                 ; Auto               ; Auto               ;
; Auto Clock Enable Replacement                                                   ; On                 ; On                 ;
; Strict RAM Replacement                                                          ; Off                ; Off                ;
; Allow Synchronous Control Signals                                               ; On                 ; On                 ;
; Force Use of Synchronous Clear Signals                                          ; Off                ; Off                ;
; Auto Resource Sharing                                                           ; Off                ; Off                ;
; Allow Any RAM Size For Recognition                                              ; Off                ; Off                ;
; Allow Any ROM Size For Recognition                                              ; Off                ; Off                ;
; Allow Any Shift Register Size For Recognition                                   ; Off                ; Off                ;
; Use LogicLock Constraints during Resource Balancing                             ; On                 ; On                 ;
; Ignore translate_off and synthesis_off directives                               ; Off                ; Off                ;
; Timing-Driven Synthesis                                                         ; On                 ; On                 ;
; Report Parameter Settings                                                       ; On                 ; On                 ;
; Report Source Assignments                                                       ; On                 ; On                 ;
; Report Connectivity Checks                                                      ; On                 ; On                 ;
; Ignore Maximum Fan-Out Assignments                                              ; Off                ; Off                ;
; Synchronization Register Chain Length                                           ; 3                  ; 3                  ;
; PowerPlay Power Optimization                                                    ; Normal compilation ; Normal compilation ;
; HDL message level                                                               ; Level2             ; Level2             ;
; Suppress Register Optimization Related Messages                                 ; Off                ; Off                ;
; Number of Removed Registers Reported in Synthesis Report                        ; 5000               ; 5000               ;
; Number of Swept Nodes Reported in Synthesis Report                              ; 5000               ; 5000               ;
; Number of Inverted Registers Reported in Synthesis Report                       ; 100                ; 100                ;
; Clock MUX Protection                                                            ; On                 ; On                 ;
; Auto Gated Clock Conversion                                                     ; Off                ; Off                ;
; Block Design Naming                                                             ; Auto               ; Auto               ;
; SDC constraint protection                                                       ; Off                ; Off                ;
; Synthesis Effort                                                                ; Auto               ; Auto               ;
; Shift Register Replacement - Allow Asynchronous Clear Signal                    ; On                 ; On                 ;
; Pre-Mapping Resynthesis Optimization                                            ; Off                ; Off                ;
; Analysis & Synthesis Message Level                                              ; Medium             ; Medium             ;
; Disable Register Merging Across Hierarchies                                     ; Auto               ; Auto               ;
; Resource Aware Inference For Block RAM                                          ; On                 ; On                 ;
; Synthesis Seed                                                                  ; 1                  ; 1                  ;
; Automatic Parallel Synthesis                                                    ; On                 ; On                 ;
+---------------------------------------------------------------------------------+--------------------+--------------------+


+------------------------------------------+
; Parallel Compilation                     ;
+----------------------------+-------------+
; Processors                 ; Number      ;
+----------------------------+-------------+
; Number detected on machine ; 4           ;
; Maximum allowed            ; 2           ;
;                            ;             ;
; Average used               ; 1.00        ;
; Maximum used               ; 1           ;
;                            ;             ;
; Usage by Processor         ; % Time Used ;
;     Processor 1            ; 100.0%      ;
;     Processors 2-4         ;   0.0%      ;
+----------------------------+-------------+


+------------------------------------------------------------------------------------------------------------------------------------------------------------------------------+
; Analysis & Synthesis Source Files Read                                                                                                                                       ;
+----------------------------------+-----------------+----------------------------------------+----------------------------------------------------------------------+---------+
; File Name with User-Entered Path ; Used in Netlist ; File Type                              ; File Name with Absolute Path                                         ; Library ;
+----------------------------------+-----------------+----------------------------------------+----------------------------------------------------------------------+---------+
; LAB6.v                           ; yes             ; User Verilog HDL File                  ; D:/FPGA/LAB6/LAB6.v                                                  ;         ;
; rom1.v                           ; yes             ; User Wizard-Generated File             ; D:/FPGA/LAB6/rom1.v                                                  ;         ;
; altsyncram.tdf                   ; yes             ; Megafunction                           ; c:/altera/13.1/quartus/libraries/megafunctions/altsyncram.tdf        ;         ;
; stratix_ram_block.inc            ; yes             ; Megafunction                           ; c:/altera/13.1/quartus/libraries/megafunctions/stratix_ram_block.inc ;         ;
; lpm_mux.inc                      ; yes             ; Megafunction                           ; c:/altera/13.1/quartus/libraries/megafunctions/lpm_mux.inc           ;         ;
; lpm_decode.inc                   ; yes             ; Megafunction                           ; c:/altera/13.1/quartus/libraries/megafunctions/lpm_decode.inc        ;         ;
; aglobal131.inc                   ; yes             ; Megafunction                           ; c:/altera/13.1/quartus/libraries/megafunctions/aglobal131.inc        ;         ;
; a_rdenreg.inc                    ; yes             ; Megafunction                           ; c:/altera/13.1/quartus/libraries/megafunctions/a_rdenreg.inc         ;         ;
; altrom.inc                       ; yes             ; Megafunction                           ; c:/altera/13.1/quartus/libraries/megafunctions/altrom.inc            ;         ;
; altram.inc                       ; yes             ; Megafunction                           ; c:/altera/13.1/quartus/libraries/megafunctions/altram.inc            ;         ;
; altdpram.inc                     ; yes             ; Megafunction                           ; c:/altera/13.1/quartus/libraries/megafunctions/altdpram.inc          ;         ;
; db/altsyncram_kal1.tdf           ; yes             ; Auto-Generated Megafunction            ; D:/FPGA/LAB6/db/altsyncram_kal1.tdf                                  ;         ;
; db/altsyncram_gqm2.tdf           ; yes             ; Auto-Generated Megafunction            ; D:/FPGA/LAB6/db/altsyncram_gqm2.tdf                                  ;         ;
; output_files/lpmrom.mif          ; yes             ; Auto-Found Memory Initialization File  ; D:/FPGA/LAB6/output_files/lpmrom.mif                                 ;         ;
; sld_mod_ram_rom.vhd              ; yes             ; Encrypted Megafunction                 ; c:/altera/13.1/quartus/libraries/megafunctions/sld_mod_ram_rom.vhd   ;         ;
; sld_rom_sr.vhd                   ; yes             ; Encrypted Megafunction                 ; c:/altera/13.1/quartus/libraries/megafunctions/sld_rom_sr.vhd        ;         ;
; sld_hub.vhd                      ; yes             ; Encrypted Megafunction                 ; c:/altera/13.1/quartus/libraries/megafunctions/sld_hub.vhd           ;         ;
; sld_jtag_hub.vhd                 ; yes             ; Encrypted Megafunction                 ; c:/altera/13.1/quartus/libraries/megafunctions/sld_jtag_hub.vhd      ;         ;
+----------------------------------+-----------------+----------------------------------------+----------------------------------------------------------------------+---------+


+------------------------------------------------------------------------+
; Analysis & Synthesis Resource Usage Summary                            ;
+---------------------------------------------+--------------------------+
; Resource                                    ; Usage                    ;
+---------------------------------------------+--------------------------+
; Estimate of Logic utilization (ALMs needed) ; 173                      ;
;                                             ;                          ;
; Combinational ALUT usage for logic          ; 267                      ;
;     -- 7 input functions                    ; 3                        ;
;     -- 6 input functions                    ; 56                       ;
;     -- 5 input functions                    ; 60                       ;
;     -- 4 input functions                    ; 85                       ;
;     -- <=3 input functions                  ; 63                       ;
;                                             ;                          ;
; Dedicated logic registers                   ; 192                      ;
;                                             ;                          ;
; I/O pins                                    ; 53                       ;
; Total MLAB memory bits                      ; 0                        ;
; Total block memory bits                     ; 256                      ;
; Total DSP Blocks                            ; 0                        ;
; Maximum fan-out node                        ; altera_internal_jtag~TDO ;
; Maximum fan-out                             ; 145                      ;
; Total fan-out                               ; 2035                     ;
; Average fan-out                             ; 3.50                     ;
+---------------------------------------------+--------------------------+


+-------------------------------------------------------------------------------------------------------------------------------------------------------------------------------------------------------------------------------------------------------------------------------------------------------------------------------------------+
; Analysis & Synthesis Resource Utilization by Entity                                                                                                                                                                                                                                                                                       ;
+---------------------------------------------------------------------+-------------------+--------------+-------------------+------------+------+--------------+------------------------------------------------------------------------------------------------------------------------------------------------------------+--------------+
; Compilation Hierarchy Node                                          ; LC Combinationals ; LC Registers ; Block Memory Bits ; DSP Blocks ; Pins ; Virtual Pins ; Full Hierarchy Name                                                                                                                                        ; Library Name ;
+---------------------------------------------------------------------+-------------------+--------------+-------------------+------------+------+--------------+------------------------------------------------------------------------------------------------------------------------------------------------------------+--------------+
; |LAB6                                                               ; 267 (1)           ; 192 (8)      ; 256               ; 0          ; 53   ; 0            ; |LAB6                                                                                                                                                      ; work         ;
;    |Processor:Proc|                                                 ; 86 (86)           ; 68 (68)      ; 0                 ; 0          ; 0    ; 0            ; |LAB6|Processor:Proc                                                                                                                                       ; work         ;
;    |Program_Counter:PC|                                             ; 5 (5)             ; 5 (5)        ; 0                 ; 0          ; 0    ; 0            ; |LAB6|Program_Counter:PC                                                                                                                                   ; work         ;
;    |rom1:ROM|                                                       ; 38 (0)            ; 31 (0)       ; 256               ; 0          ; 0    ; 0            ; |LAB6|rom1:ROM                                                                                                                                             ; work         ;
;       |altsyncram:altsyncram_component|                             ; 38 (0)            ; 31 (0)       ; 256               ; 0          ; 0    ; 0            ; |LAB6|rom1:ROM|altsyncram:altsyncram_component                                                                                                             ; work         ;
;          |altsyncram_kal1:auto_generated|                           ; 38 (0)            ; 31 (0)       ; 256               ; 0          ; 0    ; 0            ; |LAB6|rom1:ROM|altsyncram:altsyncram_component|altsyncram_kal1:auto_generated                                                                              ; work         ;
;             |altsyncram_gqm2:altsyncram1|                           ; 0 (0)             ; 0 (0)        ; 256               ; 0          ; 0    ; 0            ; |LAB6|rom1:ROM|altsyncram:altsyncram_component|altsyncram_kal1:auto_generated|altsyncram_gqm2:altsyncram1                                                  ; work         ;
;             |sld_mod_ram_rom:mgl_prim2|                             ; 38 (21)           ; 31 (22)      ; 0                 ; 0          ; 0    ; 0            ; |LAB6|rom1:ROM|altsyncram:altsyncram_component|altsyncram_kal1:auto_generated|sld_mod_ram_rom:mgl_prim2                                                    ; work         ;
;                |sld_rom_sr:\ram_rom_logic_gen:name_gen:info_rom_sr| ; 17 (17)           ; 9 (9)        ; 0                 ; 0          ; 0    ; 0            ; |LAB6|rom1:ROM|altsyncram:altsyncram_component|altsyncram_kal1:auto_generated|sld_mod_ram_rom:mgl_prim2|sld_rom_sr:\ram_rom_logic_gen:name_gen:info_rom_sr ; work         ;
;    |sld_hub:auto_hub|                                               ; 95 (1)            ; 80 (0)       ; 0                 ; 0          ; 0    ; 0            ; |LAB6|sld_hub:auto_hub                                                                                                                                     ; work         ;
;       |sld_jtag_hub:\jtag_hub_gen:sld_jtag_hub_inst|                ; 94 (63)           ; 80 (52)      ; 0                 ; 0          ; 0    ; 0            ; |LAB6|sld_hub:auto_hub|sld_jtag_hub:\jtag_hub_gen:sld_jtag_hub_inst                                                                                        ; work         ;
;          |sld_rom_sr:hub_info_reg|                                  ; 14 (14)           ; 9 (9)        ; 0                 ; 0          ; 0    ; 0            ; |LAB6|sld_hub:auto_hub|sld_jtag_hub:\jtag_hub_gen:sld_jtag_hub_inst|sld_rom_sr:hub_info_reg                                                                ; work         ;
;          |sld_shadow_jsm:shadow_jsm|                                ; 17 (17)           ; 19 (19)      ; 0                 ; 0          ; 0    ; 0            ; |LAB6|sld_hub:auto_hub|sld_jtag_hub:\jtag_hub_gen:sld_jtag_hub_inst|sld_shadow_jsm:shadow_jsm                                                              ; work         ;
;    |two_digit_seg:R0_display|                                       ; 14 (0)            ; 0 (0)        ; 0                 ; 0          ; 0    ; 0            ; |LAB6|two_digit_seg:R0_display                                                                                                                             ; work         ;
;       |seg_decoder:de0|                                             ; 7 (7)             ; 0 (0)        ; 0                 ; 0          ; 0    ; 0            ; |LAB6|two_digit_seg:R0_display|seg_decoder:de0                                                                                                             ; work         ;
;       |seg_decoder:de1|                                             ; 7 (7)             ; 0 (0)        ; 0                 ; 0          ; 0    ; 0            ; |LAB6|two_digit_seg:R0_display|seg_decoder:de1                                                                                                             ; work         ;
;    |two_digit_seg:R1_display|                                       ; 14 (0)            ; 0 (0)        ; 0                 ; 0          ; 0    ; 0            ; |LAB6|two_digit_seg:R1_display                                                                                                                             ; work         ;
;       |seg_decoder:de0|                                             ; 7 (7)             ; 0 (0)        ; 0                 ; 0          ; 0    ; 0            ; |LAB6|two_digit_seg:R1_display|seg_decoder:de0                                                                                                             ; work         ;
;       |seg_decoder:de1|                                             ; 7 (7)             ; 0 (0)        ; 0                 ; 0          ; 0    ; 0            ; |LAB6|two_digit_seg:R1_display|seg_decoder:de1                                                                                                             ; work         ;
;    |two_digit_seg:instruction_display|                              ; 14 (0)            ; 0 (0)        ; 0                 ; 0          ; 0    ; 0            ; |LAB6|two_digit_seg:instruction_display                                                                                                                    ; work         ;
;       |seg_decoder:de0|                                             ; 7 (7)             ; 0 (0)        ; 0                 ; 0          ; 0    ; 0            ; |LAB6|two_digit_seg:instruction_display|seg_decoder:de0                                                                                                    ; work         ;
;       |seg_decoder:de1|                                             ; 7 (7)             ; 0 (0)        ; 0                 ; 0          ; 0    ; 0            ; |LAB6|two_digit_seg:instruction_display|seg_decoder:de1                                                                                                    ; work         ;
+---------------------------------------------------------------------+-------------------+--------------+-------------------+------------+------+--------------+------------------------------------------------------------------------------------------------------------------------------------------------------------+--------------+
Note: For table entries with two numbers listed, the numbers in parentheses indicate the number of resources of the given type used by the specific entity alone. The numbers listed outside of parentheses indicate the total resources of the given type used by the specific entity and all of its sub-entities in the hierarchy.


+---------------------------------------------------------------------------------------------------------------------------------------------------------------------------------------------------------------------------------------------+
; Analysis & Synthesis RAM Summary                                                                                                                                                                                                            ;
+----------------------------------------------------------------------------------------------------------------+------------+----------------+--------------+--------------+--------------+--------------+------+---------------------------+
; Name                                                                                                           ; Type       ; Mode           ; Port A Depth ; Port A Width ; Port B Depth ; Port B Width ; Size ; MIF                       ;
+----------------------------------------------------------------------------------------------------------------+------------+----------------+--------------+--------------+--------------+--------------+------+---------------------------+
; rom1:ROM|altsyncram:altsyncram_component|altsyncram_kal1:auto_generated|altsyncram_gqm2:altsyncram1|ALTSYNCRAM ; M10K block ; True Dual Port ; 32           ; 8            ; 32           ; 8            ; 256  ; ./output_files/lpmrom.mif ;
+----------------------------------------------------------------------------------------------------------------+------------+----------------+--------------+--------------+--------------+--------------+------+---------------------------+


+-------------------------------------------------------------------------------------------------------+
; Analysis & Synthesis IP Cores Summary                                                                 ;
+--------+--------------+---------+--------------+--------------+-----------------+---------------------+
; Vendor ; IP Core Name ; Version ; Release Date ; License Type ; Entity Instance ; IP Include File     ;
+--------+--------------+---------+--------------+--------------+-----------------+---------------------+
; Altera ; ROM: 1-PORT  ; 13.1    ; N/A          ; N/A          ; |LAB6|rom1:ROM  ; D:/FPGA/LAB6/rom1.v ;
+--------+--------------+---------+--------------+--------------+-----------------+---------------------+


+---------------------------------------------------------------------------------------------------------------------------------------------------------------------------+
; Registers Removed During Synthesis                                                                                                                                        ;
+----------------------------------------------------------------------------------------------------------------------------------+----------------------------------------+
; Register name                                                                                                                    ; Reason for Removal                     ;
+----------------------------------------------------------------------------------------------------------------------------------+----------------------------------------+
; rom1:ROM|altsyncram:altsyncram_component|altsyncram_kal1:auto_generated|sld_mod_ram_rom:mgl_prim2|ram_rom_data_shift_cntr_reg[3] ; Stuck at GND due to stuck port data_in ;
; Total Number of Removed Registers = 1                                                                                            ;                                        ;
+----------------------------------------------------------------------------------------------------------------------------------+----------------------------------------+


+------------------------------------------------------+
; General Register Statistics                          ;
+----------------------------------------------+-------+
; Statistic                                    ; Value ;
+----------------------------------------------+-------+
; Total registers                              ; 192   ;
; Number of registers using Synchronous Clear  ; 7     ;
; Number of registers using Synchronous Load   ; 9     ;
; Number of registers using Asynchronous Clear ; 111   ;
; Number of registers using Asynchronous Load  ; 0     ;
; Number of registers using Clock Enable       ; 147   ;
; Number of registers using Preset             ; 0     ;
+----------------------------------------------+-------+


+----------------------------------------------------------------------------------------+
; Inverted Register Statistics                                                           ;
+------------------------------------------------------------------------------+---------+
; Inverted Register                                                            ; Fan out ;
+------------------------------------------------------------------------------+---------+
; sld_hub:auto_hub|sld_jtag_hub:\jtag_hub_gen:sld_jtag_hub_inst|tdo            ; 1       ;
; sld_hub:auto_hub|sld_jtag_hub:\jtag_hub_gen:sld_jtag_hub_inst|jtag_ir_reg[1] ; 3       ;
; sld_hub:auto_hub|sld_jtag_hub:\jtag_hub_gen:sld_jtag_hub_inst|jtag_ir_reg[2] ; 3       ;
; Total number of inverted registers = 3                                       ;         ;
+------------------------------------------------------------------------------+---------+


+------------------------------------------------------------------------------------------------------------------------------------------------------------------------------------------------------------------------------------------------------------------------------------------+
; Multiplexer Restructuring Statistics (Restructuring Performed)                                                                                                                                                                                                                           ;
+--------------------+-----------+---------------+----------------------+------------------------+------------+----------------------------------------------------------------------------------------------------------------------------------------------------------------------------+
; Multiplexer Inputs ; Bus Width ; Baseline Area ; Area if Restructured ; Saving if Restructured ; Registered ; Example Multiplexer Output                                                                                                                                                 ;
+--------------------+-----------+---------------+----------------------+------------------------+------------+----------------------------------------------------------------------------------------------------------------------------------------------------------------------------+
; 3:1                ; 8 bits    ; 16 LEs        ; 0 LEs                ; 16 LEs                 ; Yes        ; |LAB6|rom1:ROM|altsyncram:altsyncram_component|altsyncram_kal1:auto_generated|sld_mod_ram_rom:mgl_prim2|ram_rom_data_reg[0]                                                ;
; 3:1                ; 4 bits    ; 8 LEs         ; 4 LEs                ; 4 LEs                  ; Yes        ; |LAB6|rom1:ROM|altsyncram:altsyncram_component|altsyncram_kal1:auto_generated|sld_mod_ram_rom:mgl_prim2|ram_rom_data_shift_cntr_reg[0]                                     ;
; 3:1                ; 5 bits    ; 10 LEs        ; 5 LEs                ; 5 LEs                  ; Yes        ; |LAB6|rom1:ROM|altsyncram:altsyncram_component|altsyncram_kal1:auto_generated|sld_mod_ram_rom:mgl_prim2|ram_rom_addr_reg[3]                                                ;
; 5:1                ; 5 bits    ; 15 LEs        ; 10 LEs               ; 5 LEs                  ; Yes        ; |LAB6|rom1:ROM|altsyncram:altsyncram_component|altsyncram_kal1:auto_generated|sld_mod_ram_rom:mgl_prim2|sld_rom_sr:\ram_rom_logic_gen:name_gen:info_rom_sr|word_counter[1] ;
; 9:1                ; 8 bits    ; 48 LEs        ; 16 LEs               ; 32 LEs                 ; Yes        ; |LAB6|Processor:Proc|register[7][2]                                                                                                                                        ;
; 9:1                ; 8 bits    ; 48 LEs        ; 16 LEs               ; 32 LEs                 ; Yes        ; |LAB6|Processor:Proc|register[6][1]                                                                                                                                        ;
; 9:1                ; 8 bits    ; 48 LEs        ; 16 LEs               ; 32 LEs                 ; Yes        ; |LAB6|Processor:Proc|register[5][1]                                                                                                                                        ;
; 9:1                ; 8 bits    ; 48 LEs        ; 16 LEs               ; 32 LEs                 ; Yes        ; |LAB6|Processor:Proc|register[4][1]                                                                                                                                        ;
; 9:1                ; 8 bits    ; 48 LEs        ; 16 LEs               ; 32 LEs                 ; Yes        ; |LAB6|Processor:Proc|register[3][0]                                                                                                                                        ;
; 9:1                ; 8 bits    ; 48 LEs        ; 16 LEs               ; 32 LEs                 ; Yes        ; |LAB6|Processor:Proc|register[2][3]                                                                                                                                        ;
; 9:1                ; 8 bits    ; 48 LEs        ; 16 LEs               ; 32 LEs                 ; Yes        ; |LAB6|Processor:Proc|register[1][6]                                                                                                                                        ;
; 9:1                ; 8 bits    ; 48 LEs        ; 16 LEs               ; 32 LEs                 ; Yes        ; |LAB6|Processor:Proc|register[0][6]                                                                                                                                        ;
; 24:1               ; 4 bits    ; 64 LEs        ; 48 LEs               ; 16 LEs                 ; Yes        ; |LAB6|rom1:ROM|altsyncram:altsyncram_component|altsyncram_kal1:auto_generated|sld_mod_ram_rom:mgl_prim2|sld_rom_sr:\ram_rom_logic_gen:name_gen:info_rom_sr|WORD_SR[0]      ;
; 8:1                ; 8 bits    ; 40 LEs        ; 40 LEs               ; 0 LEs                  ; No         ; |LAB6|Processor:Proc|Mux7                                                                                                                                                  ;
; 8:1                ; 8 bits    ; 40 LEs        ; 40 LEs               ; 0 LEs                  ; No         ; |LAB6|Processor:Proc|Mux8                                                                                                                                                  ;
; 3:1                ; 2 bits    ; 4 LEs         ; 2 LEs                ; 2 LEs                  ; Yes        ; |LAB6|sld_hub:auto_hub|sld_jtag_hub:\jtag_hub_gen:sld_jtag_hub_inst|hub_minor_ver_reg[0]                                                                                   ;
; 3:1                ; 2 bits    ; 4 LEs         ; 2 LEs                ; 2 LEs                  ; Yes        ; |LAB6|sld_hub:auto_hub|sld_jtag_hub:\jtag_hub_gen:sld_jtag_hub_inst|hub_minor_ver_reg[1]                                                                                   ;
; 4:1                ; 5 bits    ; 10 LEs        ; 10 LEs               ; 0 LEs                  ; Yes        ; |LAB6|sld_hub:auto_hub|sld_jtag_hub:\jtag_hub_gen:sld_jtag_hub_inst|mixer_addr_reg[2]                                                                                      ;
; 5:1                ; 5 bits    ; 15 LEs        ; 10 LEs               ; 5 LEs                  ; Yes        ; |LAB6|sld_hub:auto_hub|sld_jtag_hub:\jtag_hub_gen:sld_jtag_hub_inst|sld_rom_sr:hub_info_reg|word_counter[0]                                                                ;
; 6:1                ; 4 bits    ; 16 LEs        ; 4 LEs                ; 12 LEs                 ; Yes        ; |LAB6|sld_hub:auto_hub|sld_jtag_hub:\jtag_hub_gen:sld_jtag_hub_inst|irsr_reg[2]                                                                                            ;
; 34:1               ; 4 bits    ; 88 LEs        ; 68 LEs               ; 20 LEs                 ; Yes        ; |LAB6|sld_hub:auto_hub|sld_jtag_hub:\jtag_hub_gen:sld_jtag_hub_inst|design_hash_reg[0]                                                                                     ;
; 20:1               ; 4 bits    ; 52 LEs        ; 32 LEs               ; 20 LEs                 ; Yes        ; |LAB6|sld_hub:auto_hub|sld_jtag_hub:\jtag_hub_gen:sld_jtag_hub_inst|sld_rom_sr:hub_info_reg|WORD_SR[0]                                                                     ;
+--------------------+-----------+---------------+----------------------+------------------------+------------+----------------------------------------------------------------------------------------------------------------------------------------------------------------------------+


+----------------------------------------------------------------------------------------------------------------------------+
; Source assignments for rom1:ROM|altsyncram:altsyncram_component|altsyncram_kal1:auto_generated|altsyncram_gqm2:altsyncram1 ;
+---------------------------------+--------------------+------+--------------------------------------------------------------+
; Assignment                      ; Value              ; From ; To                                                           ;
+---------------------------------+--------------------+------+--------------------------------------------------------------+
; OPTIMIZE_POWER_DURING_SYNTHESIS ; NORMAL_COMPILATION ; -    ; -                                                            ;
+---------------------------------+--------------------+------+--------------------------------------------------------------+


+---------------------------------------------------------------------------------------+
; Parameter Settings for User Entity Instance: rom1:ROM|altsyncram:altsyncram_component ;
+------------------------------------+---------------------------+----------------------+
; Parameter Name                     ; Value                     ; Type                 ;
+------------------------------------+---------------------------+----------------------+
; BYTE_SIZE_BLOCK                    ; 8                         ; Untyped              ;
; AUTO_CARRY_CHAINS                  ; ON                        ; AUTO_CARRY           ;
; IGNORE_CARRY_BUFFERS               ; OFF                       ; IGNORE_CARRY         ;
; AUTO_CASCADE_CHAINS                ; ON                        ; AUTO_CASCADE         ;
; IGNORE_CASCADE_BUFFERS             ; OFF                       ; IGNORE_CASCADE       ;
; WIDTH_BYTEENA                      ; 1                         ; Untyped              ;
; OPERATION_MODE                     ; ROM                       ; Untyped              ;
; WIDTH_A                            ; 8                         ; Signed Integer       ;
; WIDTHAD_A                          ; 5                         ; Signed Integer       ;
; NUMWORDS_A                         ; 32                        ; Signed Integer       ;
; OUTDATA_REG_A                      ; UNREGISTERED              ; Untyped              ;
; ADDRESS_ACLR_A                     ; NONE                      ; Untyped              ;
; OUTDATA_ACLR_A                     ; NONE                      ; Untyped              ;
; WRCONTROL_ACLR_A                   ; NONE                      ; Untyped              ;
; INDATA_ACLR_A                      ; NONE                      ; Untyped              ;
; BYTEENA_ACLR_A                     ; NONE                      ; Untyped              ;
; WIDTH_B                            ; 1                         ; Untyped              ;
; WIDTHAD_B                          ; 1                         ; Untyped              ;
; NUMWORDS_B                         ; 1                         ; Untyped              ;
; INDATA_REG_B                       ; CLOCK1                    ; Untyped              ;
; WRCONTROL_WRADDRESS_REG_B          ; CLOCK1                    ; Untyped              ;
; RDCONTROL_REG_B                    ; CLOCK1                    ; Untyped              ;
; ADDRESS_REG_B                      ; CLOCK1                    ; Untyped              ;
; OUTDATA_REG_B                      ; UNREGISTERED              ; Untyped              ;
; BYTEENA_REG_B                      ; CLOCK1                    ; Untyped              ;
; INDATA_ACLR_B                      ; NONE                      ; Untyped              ;
; WRCONTROL_ACLR_B                   ; NONE                      ; Untyped              ;
; ADDRESS_ACLR_B                     ; NONE                      ; Untyped              ;
; OUTDATA_ACLR_B                     ; NONE                      ; Untyped              ;
; RDCONTROL_ACLR_B                   ; NONE                      ; Untyped              ;
; BYTEENA_ACLR_B                     ; NONE                      ; Untyped              ;
; WIDTH_BYTEENA_A                    ; 1                         ; Signed Integer       ;
; WIDTH_BYTEENA_B                    ; 1                         ; Untyped              ;
; RAM_BLOCK_TYPE                     ; M10K                      ; Untyped              ;
; BYTE_SIZE                          ; 8                         ; Untyped              ;
; READ_DURING_WRITE_MODE_MIXED_PORTS ; DONT_CARE                 ; Untyped              ;
; READ_DURING_WRITE_MODE_PORT_A      ; NEW_DATA_NO_NBE_READ      ; Untyped              ;
; READ_DURING_WRITE_MODE_PORT_B      ; NEW_DATA_NO_NBE_READ      ; Untyped              ;
; INIT_FILE                          ; ./output_files/lpmrom.mif ; Untyped              ;
; INIT_FILE_LAYOUT                   ; PORT_A                    ; Untyped              ;
; MAXIMUM_DEPTH                      ; 0                         ; Untyped              ;
; CLOCK_ENABLE_INPUT_A               ; BYPASS                    ; Untyped              ;
; CLOCK_ENABLE_INPUT_B               ; NORMAL                    ; Untyped              ;
; CLOCK_ENABLE_OUTPUT_A              ; BYPASS                    ; Untyped              ;
; CLOCK_ENABLE_OUTPUT_B              ; NORMAL                    ; Untyped              ;
; CLOCK_ENABLE_CORE_A                ; USE_INPUT_CLKEN           ; Untyped              ;
; CLOCK_ENABLE_CORE_B                ; USE_INPUT_CLKEN           ; Untyped              ;
; ENABLE_ECC                         ; FALSE                     ; Untyped              ;
; ECC_PIPELINE_STAGE_ENABLED         ; FALSE                     ; Untyped              ;
; WIDTH_ECCSTATUS                    ; 3                         ; Untyped              ;
; DEVICE_FAMILY                      ; Cyclone V                 ; Untyped              ;
; CBXI_PARAMETER                     ; altsyncram_kal1           ; Untyped              ;
+------------------------------------+---------------------------+----------------------+
Note: In order to hide this table in the UI and the text report file, please set the "Show Parameter Settings in Synthesis Report" option in "Analysis and Synthesis Settings -> More Settings" to "Off".


+-------------------------------------------------------------+
; Parameter Settings for User Entity Instance: Processor:Proc ;
+----------------+-------+------------------------------------+
; Parameter Name ; Value ; Type                               ;
+----------------+-------+------------------------------------+
; mv             ; 00    ; Unsigned Binary                    ;
; mvi            ; 01    ; Unsigned Binary                    ;
; add            ; 10    ; Unsigned Binary                    ;
; sub            ; 11    ; Unsigned Binary                    ;
+----------------+-------+------------------------------------+
Note: In order to hide this table in the UI and the text report file, please set the "Show Parameter Settings in Synthesis Report" option in "Analysis and Synthesis Settings -> More Settings" to "Off".


+--------------------------------------------------------------------------------------+
; altsyncram Parameter Settings by Entity Instance                                     ;
+-------------------------------------------+------------------------------------------+
; Name                                      ; Value                                    ;
+-------------------------------------------+------------------------------------------+
; Number of entity instances                ; 1                                        ;
; Entity Instance                           ; rom1:ROM|altsyncram:altsyncram_component ;
;     -- OPERATION_MODE                     ; ROM                                      ;
;     -- WIDTH_A                            ; 8                                        ;
;     -- NUMWORDS_A                         ; 32                                       ;
;     -- OUTDATA_REG_A                      ; UNREGISTERED                             ;
;     -- WIDTH_B                            ; 1                                        ;
;     -- NUMWORDS_B                         ; 1                                        ;
;     -- ADDRESS_REG_B                      ; CLOCK1                                   ;
;     -- OUTDATA_REG_B                      ; UNREGISTERED                             ;
;     -- RAM_BLOCK_TYPE                     ; M10K                                     ;
;     -- READ_DURING_WRITE_MODE_MIXED_PORTS ; DONT_CARE                                ;
+-------------------------------------------+------------------------------------------+


+-------------------------------------------------------------------------------------------------------------------------------------+
; In-System Memory Content Editor Settings                                                                                            ;
+----------------+-------------+-------+-------+------------+-------------------------------------------------------------------------+
; Instance Index ; Instance ID ; Width ; Depth ; Mode       ; Hierarchy Location                                                      ;
+----------------+-------------+-------+-------+------------+-------------------------------------------------------------------------+
; 0              ; 32x8        ; 8     ; 32    ; Read/Write ; rom1:ROM|altsyncram:altsyncram_component|altsyncram_kal1:auto_generated ;
+----------------+-------------+-------+-------+------------+-------------------------------------------------------------------------+


+---------------------------------+
; Elapsed Time Per Partition      ;
+------------------+--------------+
; Partition Name   ; Elapsed Time ;
+------------------+--------------+
; Top              ; 00:00:00     ;
; sld_hub:auto_hub ; 00:00:00     ;
+------------------+--------------+


+-------------------------------+
; Analysis & Synthesis Messages ;
+-------------------------------+
Info: *******************************************************************
Info: Running Quartus II 64-Bit Analysis & Synthesis
    Info: Version 13.1.0 Build 162 10/23/2013 SJ Full Version
    Info: Processing started: Tue Jul 25 15:51:53 2023
Info: Command: quartus_map --read_settings_files=on --write_settings_files=off LAB6 -c LAB6
Info (11104): Parallel Compilation has detected 4 hyper-threaded processors. However, the extra hyper-threaded processors will not be used by default. Parallel Compilation will use 2 of the 2 physical processors detected instead.
Warning (10261): Verilog HDL Event Control warning at LAB6.v(13): Event Control contains a complex event expression
Info (12021): Found 5 design units, including 5 entities, in source file lab6.v
    Info (12023): Found entity 1: LAB6
    Info (12023): Found entity 2: Program_Counter
    Info (12023): Found entity 3: Processor
    Info (12023): Found entity 4: seg_decoder
    Info (12023): Found entity 5: two_digit_seg
Info (12021): Found 1 design units, including 1 entities, in source file rom1.v
    Info (12023): Found entity 1: rom1
Info (12127): Elaborating entity "LAB6" for the top level hierarchy
Info (12128): Elaborating entity "rom1" for hierarchy "rom1:ROM"
Info (12128): Elaborating entity "altsyncram" for hierarchy "rom1:ROM|altsyncram:altsyncram_component"
Info (12130): Elaborated megafunction instantiation "rom1:ROM|altsyncram:altsyncram_component"
Info (12133): Instantiated megafunction "rom1:ROM|altsyncram:altsyncram_component" with the following parameter:
    Info (12134): Parameter "address_aclr_a" = "NONE"
    Info (12134): Parameter "clock_enable_input_a" = "BYPASS"
    Info (12134): Parameter "clock_enable_output_a" = "BYPASS"
    Info (12134): Parameter "init_file" = "./output_files/lpmrom.mif"
    Info (12134): Parameter "intended_device_family" = "Cyclone V"
    Info (12134): Parameter "lpm_hint" = "ENABLE_RUNTIME_MOD=YES,INSTANCE_NAME=32x8"
    Info (12134): Parameter "lpm_type" = "altsyncram"
    Info (12134): Parameter "numwords_a" = "32"
    Info (12134): Parameter "operation_mode" = "ROM"
    Info (12134): Parameter "outdata_aclr_a" = "NONE"
    Info (12134): Parameter "outdata_reg_a" = "UNREGISTERED"
    Info (12134): Parameter "ram_block_type" = "M10K"
    Info (12134): Parameter "widthad_a" = "5"
    Info (12134): Parameter "width_a" = "8"
    Info (12134): Parameter "width_byteena_a" = "1"
Info (12021): Found 1 design units, including 1 entities, in source file db/altsyncram_kal1.tdf
    Info (12023): Found entity 1: altsyncram_kal1
Info (12128): Elaborating entity "altsyncram_kal1" for hierarchy "rom1:ROM|altsyncram:altsyncram_component|altsyncram_kal1:auto_generated"
Info (12021): Found 1 design units, including 1 entities, in source file db/altsyncram_gqm2.tdf
    Info (12023): Found entity 1: altsyncram_gqm2
Info (12128): Elaborating entity "altsyncram_gqm2" for hierarchy "rom1:ROM|altsyncram:altsyncram_component|altsyncram_kal1:auto_generated|altsyncram_gqm2:altsyncram1"
Info (12128): Elaborating entity "sld_mod_ram_rom" for hierarchy "rom1:ROM|altsyncram:altsyncram_component|altsyncram_kal1:auto_generated|sld_mod_ram_rom:mgl_prim2"
Info (12130): Elaborated megafunction instantiation "rom1:ROM|altsyncram:altsyncram_component|altsyncram_kal1:auto_generated|sld_mod_ram_rom:mgl_prim2"
Info (12133): Instantiated megafunction "rom1:ROM|altsyncram:altsyncram_component|altsyncram_kal1:auto_generated|sld_mod_ram_rom:mgl_prim2" with the following parameter:
    Info (12134): Parameter "CVALUE" = "00000000"
    Info (12134): Parameter "IS_DATA_IN_RAM" = "1"
    Info (12134): Parameter "IS_READABLE" = "1"
    Info (12134): Parameter "NODE_NAME" = "858945592"
    Info (12134): Parameter "NUMWORDS" = "32"
    Info (12134): Parameter "SHIFT_COUNT_BITS" = "4"
    Info (12134): Parameter "WIDTH_WORD" = "8"
    Info (12134): Parameter "WIDTHAD" = "5"
Info (12128): Elaborating entity "sld_rom_sr" for hierarchy "rom1:ROM|altsyncram:altsyncram_component|altsyncram_kal1:auto_generated|sld_mod_ram_rom:mgl_prim2|sld_rom_sr:\ram_rom_logic_gen:name_gen:info_rom_sr"
Info (12128): Elaborating entity "Program_Counter" for hierarchy "Program_Counter:PC"
Warning (10230): Verilog HDL assignment warning at LAB6.v(38): truncated value with size 32 to match size of target (5)
Info (12128): Elaborating entity "Processor" for hierarchy "Processor:Proc"
Warning (10240): Verilog HDL Always Construct warning at LAB6.v(57): inferring latch(es) for variable "i", which holds its previous value in one or more paths through the always construct
Info (12128): Elaborating entity "two_digit_seg" for hierarchy "two_digit_seg:R0_display"
Info (12128): Elaborating entity "seg_decoder" for hierarchy "two_digit_seg:R0_display|seg_decoder:de1"
Info (286031): Timing-Driven Synthesis is running on partition "Top"
Warning (13024): Output pins are stuck at VCC or GND
    Warning (13410): Pin "sld_hub:auto_hub|receive[0][0]" is stuck at GND
Info (286031): Timing-Driven Synthesis is running on partition "sld_hub:auto_hub"
Info (144001): Generated suppressed messages file D:/FPGA/LAB6/output_files/LAB6.map.smsg
Info (16010): Generating hard_block partition "hard_block:auto_generated_inst"
    Info (16011): Adding 9 node(s), including 0 DDIO, 0 PLL, 0 transceiver and 0 LCELL
Info (21057): Implemented 444 device resources after synthesis - the final resource count might be different
    Info (21058): Implemented 6 input pins
    Info (21059): Implemented 51 output pins
    Info (21061): Implemented 378 logic cells
    Info (21064): Implemented 8 RAM segments
Info: Quartus II 64-Bit Analysis & Synthesis was successful. 0 errors, 5 warnings
    Info: Peak virtual memory: 4731 megabytes
    Info: Processing ended: Tue Jul 25 15:52:05 2023
    Info: Elapsed time: 00:00:12
    Info: Total CPU time (on all processors): 00:00:05


+------------------------------------------+
; Analysis & Synthesis Suppressed Messages ;
+------------------------------------------+
The suppressed messages can be found in D:/FPGA/LAB6/output_files/LAB6.map.smsg.


